<?xml version="1.0" encoding="UTF-8"?>
<testng-results ignored="0" total="20" passed="16" failed="4" skipped="0">
  <reporter-output>
  </reporter-output>
  <suite started-at="2024-04-10T19:49:23Z" name="Default suite" finished-at="2024-04-10T19:51:32Z" duration-ms="129910">
    <groups>
    </groups>
    <test started-at="2024-04-10T19:49:23Z" name="Default test" finished-at="2024-04-10T19:51:32Z" duration-ms="129910">
      <class name="com.test.Day8_7thApril.Day8_Assignment2_Xpaths">
        <test-method is-config="true" signature="setup()[pri:0, instance:com.test.Day8_7thApril.Day8_Assignment2_Xpaths@5824a83d]" started-at="2024-04-10T15:49:23Z" name="setup" finished-at="2024-04-10T15:49:32Z" duration-ms="9520" status="PASS">
          <reporter-output>
          </reporter-output>
        </test-method> <!-- setup -->
        <test-method signature="rediffGrievancesClick1()[pri:1, instance:com.test.Day8_7thApril.Day8_Assignment2_Xpaths@5824a83d]" started-at="2024-04-10T15:49:32Z" name="rediffGrievancesClick1" finished-at="2024-04-10T15:49:33Z" duration-ms="865" status="PASS">
          <reporter-output>
          </reporter-output>
        </test-method> <!-- rediffGrievancesClick1 -->
        <test-method is-config="true" signature="tearDown()[pri:0, instance:com.test.Day8_7thApril.Day8_Assignment2_Xpaths@5824a83d]" started-at="2024-04-10T15:49:33Z" name="tearDown" finished-at="2024-04-10T15:49:33Z" duration-ms="123" status="PASS">
          <reporter-output>
          </reporter-output>
        </test-method> <!-- tearDown -->
        <test-method is-config="true" signature="setup()[pri:0, instance:com.test.Day8_7thApril.Day8_Assignment2_Xpaths@5824a83d]" started-at="2024-04-10T15:49:33Z" name="setup" finished-at="2024-04-10T15:49:51Z" duration-ms="17472" status="PASS">
          <reporter-output>
          </reporter-output>
        </test-method> <!-- setup -->
        <test-method signature="rediffGrievancesClick2()[pri:2, instance:com.test.Day8_7thApril.Day8_Assignment2_Xpaths@5824a83d]" started-at="2024-04-10T15:49:51Z" name="rediffGrievancesClick2" finished-at="2024-04-10T15:49:51Z" duration-ms="219" status="PASS">
          <reporter-output>
          </reporter-output>
        </test-method> <!-- rediffGrievancesClick2 -->
        <test-method is-config="true" signature="tearDown()[pri:0, instance:com.test.Day8_7thApril.Day8_Assignment2_Xpaths@5824a83d]" started-at="2024-04-10T15:49:51Z" name="tearDown" finished-at="2024-04-10T15:49:51Z" duration-ms="155" status="PASS">
          <reporter-output>
          </reporter-output>
        </test-method> <!-- tearDown -->
        <test-method is-config="true" signature="setup()[pri:0, instance:com.test.Day8_7thApril.Day8_Assignment2_Xpaths@5824a83d]" started-at="2024-04-10T15:49:51Z" name="setup" finished-at="2024-04-10T15:49:56Z" duration-ms="5147" status="PASS">
          <reporter-output>
          </reporter-output>
        </test-method> <!-- setup -->
        <test-method signature="rediffGrievancesClick3()[pri:3, instance:com.test.Day8_7thApril.Day8_Assignment2_Xpaths@5824a83d]" started-at="2024-04-10T15:49:56Z" name="rediffGrievancesClick3" finished-at="2024-04-10T15:49:56Z" duration-ms="278" status="PASS">
          <reporter-output>
          </reporter-output>
        </test-method> <!-- rediffGrievancesClick3 -->
        <test-method is-config="true" signature="tearDown()[pri:0, instance:com.test.Day8_7thApril.Day8_Assignment2_Xpaths@5824a83d]" started-at="2024-04-10T15:49:56Z" name="tearDown" finished-at="2024-04-10T15:49:57Z" duration-ms="139" status="PASS">
          <reporter-output>
          </reporter-output>
        </test-method> <!-- tearDown -->
        <test-method is-config="true" signature="setup()[pri:0, instance:com.test.Day8_7thApril.Day8_Assignment2_Xpaths@5824a83d]" started-at="2024-04-10T15:49:57Z" name="setup" finished-at="2024-04-10T15:50:02Z" duration-ms="5334" status="PASS">
          <reporter-output>
          </reporter-output>
        </test-method> <!-- setup -->
        <test-method signature="rediffGrievancesClick4()[pri:4, instance:com.test.Day8_7thApril.Day8_Assignment2_Xpaths@5824a83d]" started-at="2024-04-10T15:50:02Z" name="rediffGrievancesClick4" finished-at="2024-04-10T15:50:02Z" duration-ms="521" status="PASS">
          <reporter-output>
          </reporter-output>
        </test-method> <!-- rediffGrievancesClick4 -->
        <test-method is-config="true" signature="tearDown()[pri:0, instance:com.test.Day8_7thApril.Day8_Assignment2_Xpaths@5824a83d]" started-at="2024-04-10T15:50:02Z" name="tearDown" finished-at="2024-04-10T15:50:02Z" duration-ms="108" status="PASS">
          <reporter-output>
          </reporter-output>
        </test-method> <!-- tearDown -->
        <test-method is-config="true" signature="setup()[pri:0, instance:com.test.Day8_7thApril.Day8_Assignment2_Xpaths@5824a83d]" started-at="2024-04-10T15:50:02Z" name="setup" finished-at="2024-04-10T15:50:08Z" duration-ms="5386" status="PASS">
          <reporter-output>
          </reporter-output>
        </test-method> <!-- setup -->
        <test-method signature="rediffGrievancesClick5()[pri:5, instance:com.test.Day8_7thApril.Day8_Assignment2_Xpaths@5824a83d]" started-at="2024-04-10T15:50:08Z" name="rediffGrievancesClick5" finished-at="2024-04-10T15:50:08Z" duration-ms="193" status="PASS">
          <reporter-output>
          </reporter-output>
        </test-method> <!-- rediffGrievancesClick5 -->
        <test-method is-config="true" signature="tearDown()[pri:0, instance:com.test.Day8_7thApril.Day8_Assignment2_Xpaths@5824a83d]" started-at="2024-04-10T15:50:08Z" name="tearDown" finished-at="2024-04-10T15:50:08Z" duration-ms="164" status="PASS">
          <reporter-output>
          </reporter-output>
        </test-method> <!-- tearDown -->
        <test-method is-config="true" signature="setup()[pri:0, instance:com.test.Day8_7thApril.Day8_Assignment2_Xpaths@5824a83d]" started-at="2024-04-10T15:50:08Z" name="setup" finished-at="2024-04-10T15:50:14Z" duration-ms="5325" status="PASS">
          <reporter-output>
          </reporter-output>
        </test-method> <!-- setup -->
        <test-method signature="rediffGrievancesClick6()[pri:6, instance:com.test.Day8_7thApril.Day8_Assignment2_Xpaths@5824a83d]" started-at="2024-04-10T15:50:14Z" name="rediffGrievancesClick6" finished-at="2024-04-10T15:50:14Z" duration-ms="188" status="PASS">
          <reporter-output>
          </reporter-output>
        </test-method> <!-- rediffGrievancesClick6 -->
        <test-method is-config="true" signature="tearDown()[pri:0, instance:com.test.Day8_7thApril.Day8_Assignment2_Xpaths@5824a83d]" started-at="2024-04-10T15:50:14Z" name="tearDown" finished-at="2024-04-10T15:50:14Z" duration-ms="117" status="PASS">
          <reporter-output>
          </reporter-output>
        </test-method> <!-- tearDown -->
        <test-method is-config="true" signature="setup()[pri:0, instance:com.test.Day8_7thApril.Day8_Assignment2_Xpaths@5824a83d]" started-at="2024-04-10T15:50:14Z" name="setup" finished-at="2024-04-10T15:50:19Z" duration-ms="5445" status="PASS">
          <reporter-output>
          </reporter-output>
        </test-method> <!-- setup -->
        <test-method signature="rediffGrievancesClick7()[pri:7, instance:com.test.Day8_7thApril.Day8_Assignment2_Xpaths@5824a83d]" started-at="2024-04-10T15:50:19Z" name="rediffGrievancesClick7" finished-at="2024-04-10T15:50:19Z" duration-ms="206" status="PASS">
          <reporter-output>
          </reporter-output>
        </test-method> <!-- rediffGrievancesClick7 -->
        <test-method is-config="true" signature="tearDown()[pri:0, instance:com.test.Day8_7thApril.Day8_Assignment2_Xpaths@5824a83d]" started-at="2024-04-10T15:50:20Z" name="tearDown" finished-at="2024-04-10T15:50:20Z" duration-ms="112" status="PASS">
          <reporter-output>
          </reporter-output>
        </test-method> <!-- tearDown -->
        <test-method is-config="true" signature="setup()[pri:0, instance:com.test.Day8_7thApril.Day8_Assignment2_Xpaths@5824a83d]" started-at="2024-04-10T15:50:20Z" name="setup" finished-at="2024-04-10T15:50:25Z" duration-ms="5481" status="PASS">
          <reporter-output>
          </reporter-output>
        </test-method> <!-- setup -->
        <test-method signature="rediffGrievancesClick8()[pri:8, instance:com.test.Day8_7thApril.Day8_Assignment2_Xpaths@5824a83d]" started-at="2024-04-10T15:50:25Z" name="rediffGrievancesClick8" finished-at="2024-04-10T15:50:25Z" duration-ms="159" status="PASS">
          <reporter-output>
          </reporter-output>
        </test-method> <!-- rediffGrievancesClick8 -->
        <test-method is-config="true" signature="tearDown()[pri:0, instance:com.test.Day8_7thApril.Day8_Assignment2_Xpaths@5824a83d]" started-at="2024-04-10T15:50:25Z" name="tearDown" finished-at="2024-04-10T15:50:25Z" duration-ms="109" status="PASS">
          <reporter-output>
          </reporter-output>
        </test-method> <!-- tearDown -->
        <test-method is-config="true" signature="setup()[pri:0, instance:com.test.Day8_7thApril.Day8_Assignment2_Xpaths@5824a83d]" started-at="2024-04-10T15:50:25Z" name="setup" finished-at="2024-04-10T15:50:31Z" duration-ms="5334" status="PASS">
          <reporter-output>
          </reporter-output>
        </test-method> <!-- setup -->
        <test-method signature="rediffGrievancesClick9()[pri:9, instance:com.test.Day8_7thApril.Day8_Assignment2_Xpaths@5824a83d]" started-at="2024-04-10T15:50:31Z" name="rediffGrievancesClick9" finished-at="2024-04-10T15:50:31Z" duration-ms="411" status="PASS">
          <reporter-output>
          </reporter-output>
        </test-method> <!-- rediffGrievancesClick9 -->
        <test-method is-config="true" signature="tearDown()[pri:0, instance:com.test.Day8_7thApril.Day8_Assignment2_Xpaths@5824a83d]" started-at="2024-04-10T15:50:31Z" name="tearDown" finished-at="2024-04-10T15:50:31Z" duration-ms="116" status="PASS">
          <reporter-output>
          </reporter-output>
        </test-method> <!-- tearDown -->
        <test-method is-config="true" signature="setup()[pri:0, instance:com.test.Day8_7thApril.Day8_Assignment2_Xpaths@5824a83d]" started-at="2024-04-10T15:50:31Z" name="setup" finished-at="2024-04-10T15:50:37Z" duration-ms="5903" status="PASS">
          <reporter-output>
          </reporter-output>
        </test-method> <!-- setup -->
        <test-method signature="rediffGrievancesClick10()[pri:10, instance:com.test.Day8_7thApril.Day8_Assignment2_Xpaths@5824a83d]" started-at="2024-04-10T15:50:37Z" name="rediffGrievancesClick10" finished-at="2024-04-10T15:50:37Z" duration-ms="172" status="PASS">
          <reporter-output>
          </reporter-output>
        </test-method> <!-- rediffGrievancesClick10 -->
        <test-method is-config="true" signature="tearDown()[pri:0, instance:com.test.Day8_7thApril.Day8_Assignment2_Xpaths@5824a83d]" started-at="2024-04-10T15:50:37Z" name="tearDown" finished-at="2024-04-10T15:50:37Z" duration-ms="108" status="PASS">
          <reporter-output>
          </reporter-output>
        </test-method> <!-- tearDown -->
        <test-method is-config="true" signature="setup()[pri:0, instance:com.test.Day8_7thApril.Day8_Assignment2_Xpaths@5824a83d]" started-at="2024-04-10T15:50:37Z" name="setup" finished-at="2024-04-10T15:50:43Z" duration-ms="5613" status="PASS">
          <reporter-output>
          </reporter-output>
        </test-method> <!-- setup -->
        <test-method signature="rediffGrievancesClick11()[pri:11, instance:com.test.Day8_7thApril.Day8_Assignment2_Xpaths@5824a83d]" started-at="2024-04-10T15:50:43Z" name="rediffGrievancesClick11" finished-at="2024-04-10T15:50:43Z" duration-ms="234" status="PASS">
          <reporter-output>
          </reporter-output>
        </test-method> <!-- rediffGrievancesClick11 -->
        <test-method is-config="true" signature="tearDown()[pri:0, instance:com.test.Day8_7thApril.Day8_Assignment2_Xpaths@5824a83d]" started-at="2024-04-10T15:50:43Z" name="tearDown" finished-at="2024-04-10T15:50:43Z" duration-ms="115" status="PASS">
          <reporter-output>
          </reporter-output>
        </test-method> <!-- tearDown -->
        <test-method is-config="true" signature="setup()[pri:0, instance:com.test.Day8_7thApril.Day8_Assignment2_Xpaths@5824a83d]" started-at="2024-04-10T15:50:43Z" name="setup" finished-at="2024-04-10T15:50:49Z" duration-ms="6046" status="PASS">
          <reporter-output>
          </reporter-output>
        </test-method> <!-- setup -->
        <test-method signature="rediffGrievancesClick12()[pri:12, instance:com.test.Day8_7thApril.Day8_Assignment2_Xpaths@5824a83d]" started-at="2024-04-10T15:50:49Z" name="rediffGrievancesClick12" finished-at="2024-04-10T15:50:50Z" duration-ms="241" status="PASS">
          <reporter-output>
          </reporter-output>
        </test-method> <!-- rediffGrievancesClick12 -->
        <test-method is-config="true" signature="tearDown()[pri:0, instance:com.test.Day8_7thApril.Day8_Assignment2_Xpaths@5824a83d]" started-at="2024-04-10T15:50:50Z" name="tearDown" finished-at="2024-04-10T15:50:50Z" duration-ms="115" status="PASS">
          <reporter-output>
          </reporter-output>
        </test-method> <!-- tearDown -->
        <test-method is-config="true" signature="setup()[pri:0, instance:com.test.Day8_7thApril.Day8_Assignment2_Xpaths@5824a83d]" started-at="2024-04-10T15:50:50Z" name="setup" finished-at="2024-04-10T15:50:56Z" duration-ms="5937" status="PASS">
          <reporter-output>
          </reporter-output>
        </test-method> <!-- setup -->
        <test-method signature="rediffGrievancesClick13()[pri:13, instance:com.test.Day8_7thApril.Day8_Assignment2_Xpaths@5824a83d]" started-at="2024-04-10T15:50:56Z" name="rediffGrievancesClick13" finished-at="2024-04-10T15:50:56Z" duration-ms="213" status="PASS">
          <reporter-output>
          </reporter-output>
        </test-method> <!-- rediffGrievancesClick13 -->
        <test-method is-config="true" signature="tearDown()[pri:0, instance:com.test.Day8_7thApril.Day8_Assignment2_Xpaths@5824a83d]" started-at="2024-04-10T15:50:56Z" name="tearDown" finished-at="2024-04-10T15:50:56Z" duration-ms="114" status="PASS">
          <reporter-output>
          </reporter-output>
        </test-method> <!-- tearDown -->
        <test-method is-config="true" signature="setup()[pri:0, instance:com.test.Day8_7thApril.Day8_Assignment2_Xpaths@5824a83d]" started-at="2024-04-10T15:50:56Z" name="setup" finished-at="2024-04-10T15:51:01Z" duration-ms="5408" status="PASS">
          <reporter-output>
          </reporter-output>
        </test-method> <!-- setup -->
        <test-method signature="rediffGrievancesClick14()[pri:14, instance:com.test.Day8_7thApril.Day8_Assignment2_Xpaths@5824a83d]" started-at="2024-04-10T15:51:01Z" name="rediffGrievancesClick14" finished-at="2024-04-10T15:51:02Z" duration-ms="221" status="PASS">
          <reporter-output>
          </reporter-output>
        </test-method> <!-- rediffGrievancesClick14 -->
        <test-method is-config="true" signature="tearDown()[pri:0, instance:com.test.Day8_7thApril.Day8_Assignment2_Xpaths@5824a83d]" started-at="2024-04-10T15:51:02Z" name="tearDown" finished-at="2024-04-10T15:51:02Z" duration-ms="122" status="PASS">
          <reporter-output>
          </reporter-output>
        </test-method> <!-- tearDown -->
        <test-method is-config="true" signature="setup()[pri:0, instance:com.test.Day8_7thApril.Day8_Assignment2_Xpaths@5824a83d]" started-at="2024-04-10T15:51:02Z" name="setup" finished-at="2024-04-10T15:51:05Z" duration-ms="3464" status="PASS">
          <reporter-output>
          </reporter-output>
        </test-method> <!-- setup -->
        <test-method signature="rediffGrievancesClick15()[pri:15, instance:com.test.Day8_7thApril.Day8_Assignment2_Xpaths@5824a83d]" started-at="2024-04-10T15:51:05Z" name="rediffGrievancesClick15" finished-at="2024-04-10T15:51:05Z" duration-ms="152" status="PASS">
          <reporter-output>
          </reporter-output>
        </test-method> <!-- rediffGrievancesClick15 -->
        <test-method is-config="true" signature="tearDown()[pri:0, instance:com.test.Day8_7thApril.Day8_Assignment2_Xpaths@5824a83d]" started-at="2024-04-10T15:51:05Z" name="tearDown" finished-at="2024-04-10T15:51:06Z" duration-ms="157" status="PASS">
          <reporter-output>
          </reporter-output>
        </test-method> <!-- tearDown -->
        <test-method is-config="true" signature="setup()[pri:0, instance:com.test.Day8_7thApril.Day8_Assignment2_Xpaths@5824a83d]" started-at="2024-04-10T15:51:06Z" name="setup" finished-at="2024-04-10T15:51:11Z" duration-ms="5265" status="PASS">
          <reporter-output>
          </reporter-output>
        </test-method> <!-- setup -->
        <test-method signature="rediffGrievancesClick16()[pri:16, instance:com.test.Day8_7thApril.Day8_Assignment2_Xpaths@5824a83d]" started-at="2024-04-10T15:51:11Z" name="rediffGrievancesClick16" finished-at="2024-04-10T15:51:11Z" duration-ms="183" status="PASS">
          <reporter-output>
          </reporter-output>
        </test-method> <!-- rediffGrievancesClick16 -->
        <test-method is-config="true" signature="tearDown()[pri:0, instance:com.test.Day8_7thApril.Day8_Assignment2_Xpaths@5824a83d]" started-at="2024-04-10T15:51:11Z" name="tearDown" finished-at="2024-04-10T15:51:11Z" duration-ms="163" status="PASS">
          <reporter-output>
          </reporter-output>
        </test-method> <!-- tearDown -->
        <test-method is-config="true" signature="setup()[pri:0, instance:com.test.Day8_7thApril.Day8_Assignment2_Xpaths@5824a83d]" started-at="2024-04-10T15:51:11Z" name="setup" finished-at="2024-04-10T15:51:16Z" duration-ms="5185" status="PASS">
          <reporter-output>
          </reporter-output>
        </test-method> <!-- setup -->
        <test-method signature="rediffGrievancesClick17()[pri:17, instance:com.test.Day8_7thApril.Day8_Assignment2_Xpaths@5824a83d]" started-at="2024-04-10T15:51:16Z" name="rediffGrievancesClick17" finished-at="2024-04-10T15:51:16Z" duration-ms="17" status="FAIL">
          <exception class="org.openqa.selenium.NoSuchElementException">
            <message>
              <![CDATA[no such element: Unable to locate element: {"method":"xpath","selector":"//div[@id = 'ob-explore-more']/preceding-sibling::div[@class = 'footer alignC']/a[text() = 'Grievances']"}
  (Session info: chrome=123.0.6312.107)
For documentation on this error, please visit: https://www.selenium.dev/documentation/webdriver/troubleshooting/errors#no-such-element-exception
Build info: version: '4.19.1', revision: 'abe0ee07dc'
System info: os.name: 'Mac OS X', os.arch: 'x86_64', os.version: '14.4.1', java.version: '21.0.1'
Driver info: org.openqa.selenium.chrome.ChromeDriver
Command: [6f8a601a6347f969276cd39340adaffe, findElement {value=//div[@id = 'ob-explore-more']/preceding-sibling::div[@class = 'footer alignC']/a[text() = 'Grievances'], using=xpath}]
Capabilities {acceptInsecureCerts: false, browserName: chrome, browserVersion: 123.0.6312.107, chrome: {chromedriverVersion: 123.0.6312.122 (31f8248cdd9..., userDataDir: /var/folders/rj/8t48tqdx4l5...}, fedcm:accounts: true, goog:chromeOptions: {debuggerAddress: localhost:65417}, networkConnectionEnabled: false, pageLoadStrategy: normal, platformName: mac, proxy: Proxy(), se:cdp: ws://localhost:65417/devtoo..., se:cdpVersion: 123.0.6312.107, setWindowRect: true, strictFileInteractability: false, timeouts: {implicit: 0, pageLoad: 300000, script: 30000}, unhandledPromptBehavior: dismiss and notify, webauthn:extension:credBlob: true, webauthn:extension:largeBlob: true, webauthn:extension:minPinLength: true, webauthn:extension:prf: true, webauthn:virtualAuthenticators: true}
Session ID: 6f8a601a6347f969276cd39340adaffe]]>
            </message>
            <full-stacktrace>
              <![CDATA[org.openqa.selenium.NoSuchElementException: no such element: Unable to locate element: {"method":"xpath","selector":"//div[@id = 'ob-explore-more']/preceding-sibling::div[@class = 'footer alignC']/a[text() = 'Grievances']"}
  (Session info: chrome=123.0.6312.107)
For documentation on this error, please visit: https://www.selenium.dev/documentation/webdriver/troubleshooting/errors#no-such-element-exception
Build info: version: '4.19.1', revision: 'abe0ee07dc'
System info: os.name: 'Mac OS X', os.arch: 'x86_64', os.version: '14.4.1', java.version: '21.0.1'
Driver info: org.openqa.selenium.chrome.ChromeDriver
Command: [6f8a601a6347f969276cd39340adaffe, findElement {value=//div[@id = 'ob-explore-more']/preceding-sibling::div[@class = 'footer alignC']/a[text() = 'Grievances'], using=xpath}]
Capabilities {acceptInsecureCerts: false, browserName: chrome, browserVersion: 123.0.6312.107, chrome: {chromedriverVersion: 123.0.6312.122 (31f8248cdd9..., userDataDir: /var/folders/rj/8t48tqdx4l5...}, fedcm:accounts: true, goog:chromeOptions: {debuggerAddress: localhost:65417}, networkConnectionEnabled: false, pageLoadStrategy: normal, platformName: mac, proxy: Proxy(), se:cdp: ws://localhost:65417/devtoo..., se:cdpVersion: 123.0.6312.107, setWindowRect: true, strictFileInteractability: false, timeouts: {implicit: 0, pageLoad: 300000, script: 30000}, unhandledPromptBehavior: dismiss and notify, webauthn:extension:credBlob: true, webauthn:extension:largeBlob: true, webauthn:extension:minPinLength: true, webauthn:extension:prf: true, webauthn:virtualAuthenticators: true}
Session ID: 6f8a601a6347f969276cd39340adaffe
	at java.base/jdk.internal.reflect.DirectConstructorHandleAccessor.newInstance(DirectConstructorHandleAccessor.java:62)
	at java.base/java.lang.reflect.Constructor.newInstanceWithCaller(Constructor.java:502)
	at java.base/java.lang.reflect.Constructor.newInstance(Constructor.java:486)
	at org.openqa.selenium.remote.ErrorCodec.decode(ErrorCodec.java:167)
	at org.openqa.selenium.remote.codec.w3c.W3CHttpResponseCodec.decode(W3CHttpResponseCodec.java:138)
	at org.openqa.selenium.remote.codec.w3c.W3CHttpResponseCodec.decode(W3CHttpResponseCodec.java:50)
	at org.openqa.selenium.remote.HttpCommandExecutor.execute(HttpCommandExecutor.java:190)
	at org.openqa.selenium.remote.service.DriverCommandExecutor.invokeExecute(DriverCommandExecutor.java:216)
	at org.openqa.selenium.remote.service.DriverCommandExecutor.execute(DriverCommandExecutor.java:174)
	at org.openqa.selenium.remote.RemoteWebDriver.execute(RemoteWebDriver.java:518)
	at org.openqa.selenium.remote.ElementLocation$ElementFinder$2.findElement(ElementLocation.java:165)
	at org.openqa.selenium.remote.ElementLocation.findElement(ElementLocation.java:59)
	at org.openqa.selenium.remote.RemoteWebDriver.findElement(RemoteWebDriver.java:355)
	at org.openqa.selenium.remote.RemoteWebDriver.findElement(RemoteWebDriver.java:349)
	at com.test.Day8_7thApril.Day8_Assignment2_Xpaths.rediffGrievancesClick17(Assignment_Xpaths.java:161)
	at java.base/jdk.internal.reflect.DirectMethodHandleAccessor.invoke(DirectMethodHandleAccessor.java:103)
	at java.base/java.lang.reflect.Method.invoke(Method.java:580)
	at org.testng.internal.MethodInvocationHelper.invokeMethod(MethodInvocationHelper.java:108)
	at org.testng.internal.Invoker.invokeMethod(Invoker.java:661)
	at org.testng.internal.Invoker.invokeTestMethod(Invoker.java:869)
	at org.testng.internal.Invoker.invokeTestMethods(Invoker.java:1193)
	at org.testng.internal.TestMethodWorker.invokeTestMethods(TestMethodWorker.java:126)
	at org.testng.internal.TestMethodWorker.run(TestMethodWorker.java:109)
	at org.testng.TestRunner.privateRun(TestRunner.java:744)
	at org.testng.TestRunner.run(TestRunner.java:602)
	at org.testng.SuiteRunner.runTest(SuiteRunner.java:380)
	at org.testng.SuiteRunner.runSequentially(SuiteRunner.java:375)
	at org.testng.SuiteRunner.privateRun(SuiteRunner.java:340)
	at org.testng.SuiteRunner.run(SuiteRunner.java:289)
	at org.testng.SuiteRunnerWorker.runSuite(SuiteRunnerWorker.java:52)
	at org.testng.SuiteRunnerWorker.run(SuiteRunnerWorker.java:86)
	at org.testng.TestNG.runSuitesSequentially(TestNG.java:1301)
	at org.testng.TestNG.runSuitesLocally(TestNG.java:1226)
	at org.testng.TestNG.runSuites(TestNG.java:1144)
	at org.testng.TestNG.run(TestNG.java:1115)
	at org.testng.remote.AbstractRemoteTestNG.run(AbstractRemoteTestNG.java:115)
	at org.testng.remote.RemoteTestNG.initAndRun(RemoteTestNG.java:251)
	at org.testng.remote.RemoteTestNG.main(RemoteTestNG.java:77)
]]>
            </full-stacktrace>
          </exception> <!-- org.openqa.selenium.NoSuchElementException -->
          <reporter-output>
          </reporter-output>
        </test-method> <!-- rediffGrievancesClick17 -->
        <test-method is-config="true" signature="tearDown()[pri:0, instance:com.test.Day8_7thApril.Day8_Assignment2_Xpaths@5824a83d]" started-at="2024-04-10T15:51:16Z" name="tearDown" finished-at="2024-04-10T15:51:17Z" duration-ms="118" status="PASS">
          <reporter-output>
          </reporter-output>
        </test-method> <!-- tearDown -->
        <test-method is-config="true" signature="setup()[pri:0, instance:com.test.Day8_7thApril.Day8_Assignment2_Xpaths@5824a83d]" started-at="2024-04-10T15:51:17Z" name="setup" finished-at="2024-04-10T15:51:22Z" duration-ms="5204" status="PASS">
          <reporter-output>
          </reporter-output>
        </test-method> <!-- setup -->
        <test-method signature="rediffGrievancesClick18()[pri:18, instance:com.test.Day8_7thApril.Day8_Assignment2_Xpaths@5824a83d]" started-at="2024-04-10T15:51:22Z" name="rediffGrievancesClick18" finished-at="2024-04-10T15:51:22Z" duration-ms="12" status="FAIL">
          <exception class="org.openqa.selenium.NoSuchElementException">
            <message>
              <![CDATA[no such element: Unable to locate element: {"method":"xpath","selector":"//div[@id = 'ob-explore-more']/preceding::a[text() = 'Grievances']"}
  (Session info: chrome=123.0.6312.107)
For documentation on this error, please visit: https://www.selenium.dev/documentation/webdriver/troubleshooting/errors#no-such-element-exception
Build info: version: '4.19.1', revision: 'abe0ee07dc'
System info: os.name: 'Mac OS X', os.arch: 'x86_64', os.version: '14.4.1', java.version: '21.0.1'
Driver info: org.openqa.selenium.chrome.ChromeDriver
Command: [4a98bb04f5ee45a1a8caa244a13f1de1, findElement {value=//div[@id = 'ob-explore-more']/preceding::a[text() = 'Grievances'], using=xpath}]
Capabilities {acceptInsecureCerts: false, browserName: chrome, browserVersion: 123.0.6312.107, chrome: {chromedriverVersion: 123.0.6312.122 (31f8248cdd9..., userDataDir: /var/folders/rj/8t48tqdx4l5...}, fedcm:accounts: true, goog:chromeOptions: {debuggerAddress: localhost:65525}, networkConnectionEnabled: false, pageLoadStrategy: normal, platformName: mac, proxy: Proxy(), se:cdp: ws://localhost:65525/devtoo..., se:cdpVersion: 123.0.6312.107, setWindowRect: true, strictFileInteractability: false, timeouts: {implicit: 0, pageLoad: 300000, script: 30000}, unhandledPromptBehavior: dismiss and notify, webauthn:extension:credBlob: true, webauthn:extension:largeBlob: true, webauthn:extension:minPinLength: true, webauthn:extension:prf: true, webauthn:virtualAuthenticators: true}
Session ID: 4a98bb04f5ee45a1a8caa244a13f1de1]]>
            </message>
            <full-stacktrace>
              <![CDATA[org.openqa.selenium.NoSuchElementException: no such element: Unable to locate element: {"method":"xpath","selector":"//div[@id = 'ob-explore-more']/preceding::a[text() = 'Grievances']"}
  (Session info: chrome=123.0.6312.107)
For documentation on this error, please visit: https://www.selenium.dev/documentation/webdriver/troubleshooting/errors#no-such-element-exception
Build info: version: '4.19.1', revision: 'abe0ee07dc'
System info: os.name: 'Mac OS X', os.arch: 'x86_64', os.version: '14.4.1', java.version: '21.0.1'
Driver info: org.openqa.selenium.chrome.ChromeDriver
Command: [4a98bb04f5ee45a1a8caa244a13f1de1, findElement {value=//div[@id = 'ob-explore-more']/preceding::a[text() = 'Grievances'], using=xpath}]
Capabilities {acceptInsecureCerts: false, browserName: chrome, browserVersion: 123.0.6312.107, chrome: {chromedriverVersion: 123.0.6312.122 (31f8248cdd9..., userDataDir: /var/folders/rj/8t48tqdx4l5...}, fedcm:accounts: true, goog:chromeOptions: {debuggerAddress: localhost:65525}, networkConnectionEnabled: false, pageLoadStrategy: normal, platformName: mac, proxy: Proxy(), se:cdp: ws://localhost:65525/devtoo..., se:cdpVersion: 123.0.6312.107, setWindowRect: true, strictFileInteractability: false, timeouts: {implicit: 0, pageLoad: 300000, script: 30000}, unhandledPromptBehavior: dismiss and notify, webauthn:extension:credBlob: true, webauthn:extension:largeBlob: true, webauthn:extension:minPinLength: true, webauthn:extension:prf: true, webauthn:virtualAuthenticators: true}
Session ID: 4a98bb04f5ee45a1a8caa244a13f1de1
	at java.base/jdk.internal.reflect.DirectConstructorHandleAccessor.newInstance(DirectConstructorHandleAccessor.java:62)
	at java.base/java.lang.reflect.Constructor.newInstanceWithCaller(Constructor.java:502)
	at java.base/java.lang.reflect.Constructor.newInstance(Constructor.java:486)
	at org.openqa.selenium.remote.ErrorCodec.decode(ErrorCodec.java:167)
	at org.openqa.selenium.remote.codec.w3c.W3CHttpResponseCodec.decode(W3CHttpResponseCodec.java:138)
	at org.openqa.selenium.remote.codec.w3c.W3CHttpResponseCodec.decode(W3CHttpResponseCodec.java:50)
	at org.openqa.selenium.remote.HttpCommandExecutor.execute(HttpCommandExecutor.java:190)
	at org.openqa.selenium.remote.service.DriverCommandExecutor.invokeExecute(DriverCommandExecutor.java:216)
	at org.openqa.selenium.remote.service.DriverCommandExecutor.execute(DriverCommandExecutor.java:174)
	at org.openqa.selenium.remote.RemoteWebDriver.execute(RemoteWebDriver.java:518)
	at org.openqa.selenium.remote.ElementLocation$ElementFinder$2.findElement(ElementLocation.java:165)
	at org.openqa.selenium.remote.ElementLocation.findElement(ElementLocation.java:59)
	at org.openqa.selenium.remote.RemoteWebDriver.findElement(RemoteWebDriver.java:355)
	at org.openqa.selenium.remote.RemoteWebDriver.findElement(RemoteWebDriver.java:349)
	at com.test.Day8_7thApril.Day8_Assignment2_Xpaths.rediffGrievancesClick18(Assignment_Xpaths.java:169)
	at java.base/jdk.internal.reflect.DirectMethodHandleAccessor.invoke(DirectMethodHandleAccessor.java:103)
	at java.base/java.lang.reflect.Method.invoke(Method.java:580)
	at org.testng.internal.MethodInvocationHelper.invokeMethod(MethodInvocationHelper.java:108)
	at org.testng.internal.Invoker.invokeMethod(Invoker.java:661)
	at org.testng.internal.Invoker.invokeTestMethod(Invoker.java:869)
	at org.testng.internal.Invoker.invokeTestMethods(Invoker.java:1193)
	at org.testng.internal.TestMethodWorker.invokeTestMethods(TestMethodWorker.java:126)
	at org.testng.internal.TestMethodWorker.run(TestMethodWorker.java:109)
	at org.testng.TestRunner.privateRun(TestRunner.java:744)
	at org.testng.TestRunner.run(TestRunner.java:602)
	at org.testng.SuiteRunner.runTest(SuiteRunner.java:380)
	at org.testng.SuiteRunner.runSequentially(SuiteRunner.java:375)
	at org.testng.SuiteRunner.privateRun(SuiteRunner.java:340)
	at org.testng.SuiteRunner.run(SuiteRunner.java:289)
	at org.testng.SuiteRunnerWorker.runSuite(SuiteRunnerWorker.java:52)
	at org.testng.SuiteRunnerWorker.run(SuiteRunnerWorker.java:86)
	at org.testng.TestNG.runSuitesSequentially(TestNG.java:1301)
	at org.testng.TestNG.runSuitesLocally(TestNG.java:1226)
	at org.testng.TestNG.runSuites(TestNG.java:1144)
	at org.testng.TestNG.run(TestNG.java:1115)
	at org.testng.remote.AbstractRemoteTestNG.run(AbstractRemoteTestNG.java:115)
	at org.testng.remote.RemoteTestNG.initAndRun(RemoteTestNG.java:251)
	at org.testng.remote.RemoteTestNG.main(RemoteTestNG.java:77)
]]>
            </full-stacktrace>
          </exception> <!-- org.openqa.selenium.NoSuchElementException -->
          <reporter-output>
          </reporter-output>
        </test-method> <!-- rediffGrievancesClick18 -->
        <test-method is-config="true" signature="tearDown()[pri:0, instance:com.test.Day8_7thApril.Day8_Assignment2_Xpaths@5824a83d]" started-at="2024-04-10T15:51:22Z" name="tearDown" finished-at="2024-04-10T15:51:22Z" duration-ms="111" status="PASS">
          <reporter-output>
          </reporter-output>
        </test-method> <!-- tearDown -->
        <test-method is-config="true" signature="setup()[pri:0, instance:com.test.Day8_7thApril.Day8_Assignment2_Xpaths@5824a83d]" started-at="2024-04-10T15:51:22Z" name="setup" finished-at="2024-04-10T15:51:27Z" duration-ms="5194" status="PASS">
          <reporter-output>
          </reporter-output>
        </test-method> <!-- setup -->
        <test-method signature="rediffGrievancesClick19()[pri:19, instance:com.test.Day8_7thApril.Day8_Assignment2_Xpaths@5824a83d]" started-at="2024-04-10T15:51:27Z" name="rediffGrievancesClick19" finished-at="2024-04-10T15:51:27Z" duration-ms="14" status="FAIL">
          <exception class="org.openqa.selenium.NoSuchElementException">
            <message>
              <![CDATA[no such element: Unable to locate element: {"method":"xpath","selector":"//div[@id = 'ob-explore-more']/parent::body/div[@class = 'footer alignC']/a[text() = 'Grievances']"}
  (Session info: chrome=123.0.6312.107)
For documentation on this error, please visit: https://www.selenium.dev/documentation/webdriver/troubleshooting/errors#no-such-element-exception
Build info: version: '4.19.1', revision: 'abe0ee07dc'
System info: os.name: 'Mac OS X', os.arch: 'x86_64', os.version: '14.4.1', java.version: '21.0.1'
Driver info: org.openqa.selenium.chrome.ChromeDriver
Command: [8d875358c74773a3c9ebcf6a3816381e, findElement {value=//div[@id = 'ob-explore-more']/parent::body/div[@class = 'footer alignC']/a[text() = 'Grievances'], using=xpath}]
Capabilities {acceptInsecureCerts: false, browserName: chrome, browserVersion: 123.0.6312.107, chrome: {chromedriverVersion: 123.0.6312.122 (31f8248cdd9..., userDataDir: /var/folders/rj/8t48tqdx4l5...}, fedcm:accounts: true, goog:chromeOptions: {debuggerAddress: localhost:49272}, networkConnectionEnabled: false, pageLoadStrategy: normal, platformName: mac, proxy: Proxy(), se:cdp: ws://localhost:49272/devtoo..., se:cdpVersion: 123.0.6312.107, setWindowRect: true, strictFileInteractability: false, timeouts: {implicit: 0, pageLoad: 300000, script: 30000}, unhandledPromptBehavior: dismiss and notify, webauthn:extension:credBlob: true, webauthn:extension:largeBlob: true, webauthn:extension:minPinLength: true, webauthn:extension:prf: true, webauthn:virtualAuthenticators: true}
Session ID: 8d875358c74773a3c9ebcf6a3816381e]]>
            </message>
            <full-stacktrace>
              <![CDATA[org.openqa.selenium.NoSuchElementException: no such element: Unable to locate element: {"method":"xpath","selector":"//div[@id = 'ob-explore-more']/parent::body/div[@class = 'footer alignC']/a[text() = 'Grievances']"}
  (Session info: chrome=123.0.6312.107)
For documentation on this error, please visit: https://www.selenium.dev/documentation/webdriver/troubleshooting/errors#no-such-element-exception
Build info: version: '4.19.1', revision: 'abe0ee07dc'
System info: os.name: 'Mac OS X', os.arch: 'x86_64', os.version: '14.4.1', java.version: '21.0.1'
Driver info: org.openqa.selenium.chrome.ChromeDriver
Command: [8d875358c74773a3c9ebcf6a3816381e, findElement {value=//div[@id = 'ob-explore-more']/parent::body/div[@class = 'footer alignC']/a[text() = 'Grievances'], using=xpath}]
Capabilities {acceptInsecureCerts: false, browserName: chrome, browserVersion: 123.0.6312.107, chrome: {chromedriverVersion: 123.0.6312.122 (31f8248cdd9..., userDataDir: /var/folders/rj/8t48tqdx4l5...}, fedcm:accounts: true, goog:chromeOptions: {debuggerAddress: localhost:49272}, networkConnectionEnabled: false, pageLoadStrategy: normal, platformName: mac, proxy: Proxy(), se:cdp: ws://localhost:49272/devtoo..., se:cdpVersion: 123.0.6312.107, setWindowRect: true, strictFileInteractability: false, timeouts: {implicit: 0, pageLoad: 300000, script: 30000}, unhandledPromptBehavior: dismiss and notify, webauthn:extension:credBlob: true, webauthn:extension:largeBlob: true, webauthn:extension:minPinLength: true, webauthn:extension:prf: true, webauthn:virtualAuthenticators: true}
Session ID: 8d875358c74773a3c9ebcf6a3816381e
	at java.base/jdk.internal.reflect.DirectConstructorHandleAccessor.newInstance(DirectConstructorHandleAccessor.java:62)
	at java.base/java.lang.reflect.Constructor.newInstanceWithCaller(Constructor.java:502)
	at java.base/java.lang.reflect.Constructor.newInstance(Constructor.java:486)
	at org.openqa.selenium.remote.ErrorCodec.decode(ErrorCodec.java:167)
	at org.openqa.selenium.remote.codec.w3c.W3CHttpResponseCodec.decode(W3CHttpResponseCodec.java:138)
	at org.openqa.selenium.remote.codec.w3c.W3CHttpResponseCodec.decode(W3CHttpResponseCodec.java:50)
	at org.openqa.selenium.remote.HttpCommandExecutor.execute(HttpCommandExecutor.java:190)
	at org.openqa.selenium.remote.service.DriverCommandExecutor.invokeExecute(DriverCommandExecutor.java:216)
	at org.openqa.selenium.remote.service.DriverCommandExecutor.execute(DriverCommandExecutor.java:174)
	at org.openqa.selenium.remote.RemoteWebDriver.execute(RemoteWebDriver.java:518)
	at org.openqa.selenium.remote.ElementLocation$ElementFinder$2.findElement(ElementLocation.java:165)
	at org.openqa.selenium.remote.ElementLocation.findElement(ElementLocation.java:59)
	at org.openqa.selenium.remote.RemoteWebDriver.findElement(RemoteWebDriver.java:355)
	at org.openqa.selenium.remote.RemoteWebDriver.findElement(RemoteWebDriver.java:349)
	at com.test.Day8_7thApril.Day8_Assignment2_Xpaths.rediffGrievancesClick19(Assignment_Xpaths.java:175)
	at java.base/jdk.internal.reflect.DirectMethodHandleAccessor.invoke(DirectMethodHandleAccessor.java:103)
	at java.base/java.lang.reflect.Method.invoke(Method.java:580)
	at org.testng.internal.MethodInvocationHelper.invokeMethod(MethodInvocationHelper.java:108)
	at org.testng.internal.Invoker.invokeMethod(Invoker.java:661)
	at org.testng.internal.Invoker.invokeTestMethod(Invoker.java:869)
	at org.testng.internal.Invoker.invokeTestMethods(Invoker.java:1193)
	at org.testng.internal.TestMethodWorker.invokeTestMethods(TestMethodWorker.java:126)
	at org.testng.internal.TestMethodWorker.run(TestMethodWorker.java:109)
	at org.testng.TestRunner.privateRun(TestRunner.java:744)
	at org.testng.TestRunner.run(TestRunner.java:602)
	at org.testng.SuiteRunner.runTest(SuiteRunner.java:380)
	at org.testng.SuiteRunner.runSequentially(SuiteRunner.java:375)
	at org.testng.SuiteRunner.privateRun(SuiteRunner.java:340)
	at org.testng.SuiteRunner.run(SuiteRunner.java:289)
	at org.testng.SuiteRunnerWorker.runSuite(SuiteRunnerWorker.java:52)
	at org.testng.SuiteRunnerWorker.run(SuiteRunnerWorker.java:86)
	at org.testng.TestNG.runSuitesSequentially(TestNG.java:1301)
	at org.testng.TestNG.runSuitesLocally(TestNG.java:1226)
	at org.testng.TestNG.runSuites(TestNG.java:1144)
	at org.testng.TestNG.run(TestNG.java:1115)
	at org.testng.remote.AbstractRemoteTestNG.run(AbstractRemoteTestNG.java:115)
	at org.testng.remote.RemoteTestNG.initAndRun(RemoteTestNG.java:251)
	at org.testng.remote.RemoteTestNG.main(RemoteTestNG.java:77)
]]>
            </full-stacktrace>
          </exception> <!-- org.openqa.selenium.NoSuchElementException -->
          <reporter-output>
          </reporter-output>
        </test-method> <!-- rediffGrievancesClick19 -->
        <test-method is-config="true" signature="tearDown()[pri:0, instance:com.test.Day8_7thApril.Day8_Assignment2_Xpaths@5824a83d]" started-at="2024-04-10T15:51:27Z" name="tearDown" finished-at="2024-04-10T15:51:27Z" duration-ms="114" status="PASS">
          <reporter-output>
          </reporter-output>
        </test-method> <!-- tearDown -->
        <test-method is-config="true" signature="setup()[pri:0, instance:com.test.Day8_7thApril.Day8_Assignment2_Xpaths@5824a83d]" started-at="2024-04-10T15:51:27Z" name="setup" finished-at="2024-04-10T15:51:32Z" duration-ms="5205" status="PASS">
          <reporter-output>
          </reporter-output>
        </test-method> <!-- setup -->
        <test-method signature="rediffGrievancesClick20()[pri:20, instance:com.test.Day8_7thApril.Day8_Assignment2_Xpaths@5824a83d]" started-at="2024-04-10T15:51:32Z" name="rediffGrievancesClick20" finished-at="2024-04-10T15:51:32Z" duration-ms="12" status="FAIL">
          <exception class="org.openqa.selenium.NoSuchElementException">
            <message>
              <![CDATA[no such element: Unable to locate element: {"method":"xpath","selector":"//div[@id = 'ob-explore-more']/ancestor::body/div[@class = 'footer alignC']/a[text() = 'Grievances']"}
  (Session info: chrome=123.0.6312.107)
For documentation on this error, please visit: https://www.selenium.dev/documentation/webdriver/troubleshooting/errors#no-such-element-exception
Build info: version: '4.19.1', revision: 'abe0ee07dc'
System info: os.name: 'Mac OS X', os.arch: 'x86_64', os.version: '14.4.1', java.version: '21.0.1'
Driver info: org.openqa.selenium.chrome.ChromeDriver
Command: [6d4566cf15d246d3691675831b6b5ee4, findElement {value=//div[@id = 'ob-explore-more']/ancestor::body/div[@class = 'footer alignC']/a[text() = 'Grievances'], using=xpath}]
Capabilities {acceptInsecureCerts: false, browserName: chrome, browserVersion: 123.0.6312.107, chrome: {chromedriverVersion: 123.0.6312.122 (31f8248cdd9..., userDataDir: /var/folders/rj/8t48tqdx4l5...}, fedcm:accounts: true, goog:chromeOptions: {debuggerAddress: localhost:49376}, networkConnectionEnabled: false, pageLoadStrategy: normal, platformName: mac, proxy: Proxy(), se:cdp: ws://localhost:49376/devtoo..., se:cdpVersion: 123.0.6312.107, setWindowRect: true, strictFileInteractability: false, timeouts: {implicit: 0, pageLoad: 300000, script: 30000}, unhandledPromptBehavior: dismiss and notify, webauthn:extension:credBlob: true, webauthn:extension:largeBlob: true, webauthn:extension:minPinLength: true, webauthn:extension:prf: true, webauthn:virtualAuthenticators: true}
Session ID: 6d4566cf15d246d3691675831b6b5ee4]]>
            </message>
            <full-stacktrace>
              <![CDATA[org.openqa.selenium.NoSuchElementException: no such element: Unable to locate element: {"method":"xpath","selector":"//div[@id = 'ob-explore-more']/ancestor::body/div[@class = 'footer alignC']/a[text() = 'Grievances']"}
  (Session info: chrome=123.0.6312.107)
For documentation on this error, please visit: https://www.selenium.dev/documentation/webdriver/troubleshooting/errors#no-such-element-exception
Build info: version: '4.19.1', revision: 'abe0ee07dc'
System info: os.name: 'Mac OS X', os.arch: 'x86_64', os.version: '14.4.1', java.version: '21.0.1'
Driver info: org.openqa.selenium.chrome.ChromeDriver
Command: [6d4566cf15d246d3691675831b6b5ee4, findElement {value=//div[@id = 'ob-explore-more']/ancestor::body/div[@class = 'footer alignC']/a[text() = 'Grievances'], using=xpath}]
Capabilities {acceptInsecureCerts: false, browserName: chrome, browserVersion: 123.0.6312.107, chrome: {chromedriverVersion: 123.0.6312.122 (31f8248cdd9..., userDataDir: /var/folders/rj/8t48tqdx4l5...}, fedcm:accounts: true, goog:chromeOptions: {debuggerAddress: localhost:49376}, networkConnectionEnabled: false, pageLoadStrategy: normal, platformName: mac, proxy: Proxy(), se:cdp: ws://localhost:49376/devtoo..., se:cdpVersion: 123.0.6312.107, setWindowRect: true, strictFileInteractability: false, timeouts: {implicit: 0, pageLoad: 300000, script: 30000}, unhandledPromptBehavior: dismiss and notify, webauthn:extension:credBlob: true, webauthn:extension:largeBlob: true, webauthn:extension:minPinLength: true, webauthn:extension:prf: true, webauthn:virtualAuthenticators: true}
Session ID: 6d4566cf15d246d3691675831b6b5ee4
	at java.base/jdk.internal.reflect.DirectConstructorHandleAccessor.newInstance(DirectConstructorHandleAccessor.java:62)
	at java.base/java.lang.reflect.Constructor.newInstanceWithCaller(Constructor.java:502)
	at java.base/java.lang.reflect.Constructor.newInstance(Constructor.java:486)
	at org.openqa.selenium.remote.ErrorCodec.decode(ErrorCodec.java:167)
	at org.openqa.selenium.remote.codec.w3c.W3CHttpResponseCodec.decode(W3CHttpResponseCodec.java:138)
	at org.openqa.selenium.remote.codec.w3c.W3CHttpResponseCodec.decode(W3CHttpResponseCodec.java:50)
	at org.openqa.selenium.remote.HttpCommandExecutor.execute(HttpCommandExecutor.java:190)
	at org.openqa.selenium.remote.service.DriverCommandExecutor.invokeExecute(DriverCommandExecutor.java:216)
	at org.openqa.selenium.remote.service.DriverCommandExecutor.execute(DriverCommandExecutor.java:174)
	at org.openqa.selenium.remote.RemoteWebDriver.execute(RemoteWebDriver.java:518)
	at org.openqa.selenium.remote.ElementLocation$ElementFinder$2.findElement(ElementLocation.java:165)
	at org.openqa.selenium.remote.ElementLocation.findElement(ElementLocation.java:59)
	at org.openqa.selenium.remote.RemoteWebDriver.findElement(RemoteWebDriver.java:355)
	at org.openqa.selenium.remote.RemoteWebDriver.findElement(RemoteWebDriver.java:349)
	at com.test.Day8_7thApril.Day8_Assignment2_Xpaths.rediffGrievancesClick20(Assignment_Xpaths.java:183)
	at java.base/jdk.internal.reflect.DirectMethodHandleAccessor.invoke(DirectMethodHandleAccessor.java:103)
	at java.base/java.lang.reflect.Method.invoke(Method.java:580)
	at org.testng.internal.MethodInvocationHelper.invokeMethod(MethodInvocationHelper.java:108)
	at org.testng.internal.Invoker.invokeMethod(Invoker.java:661)
	at org.testng.internal.Invoker.invokeTestMethod(Invoker.java:869)
	at org.testng.internal.Invoker.invokeTestMethods(Invoker.java:1193)
	at org.testng.internal.TestMethodWorker.invokeTestMethods(TestMethodWorker.java:126)
	at org.testng.internal.TestMethodWorker.run(TestMethodWorker.java:109)
	at org.testng.TestRunner.privateRun(TestRunner.java:744)
	at org.testng.TestRunner.run(TestRunner.java:602)
	at org.testng.SuiteRunner.runTest(SuiteRunner.java:380)
	at org.testng.SuiteRunner.runSequentially(SuiteRunner.java:375)
	at org.testng.SuiteRunner.privateRun(SuiteRunner.java:340)
	at org.testng.SuiteRunner.run(SuiteRunner.java:289)
	at org.testng.SuiteRunnerWorker.runSuite(SuiteRunnerWorker.java:52)
	at org.testng.SuiteRunnerWorker.run(SuiteRunnerWorker.java:86)
	at org.testng.TestNG.runSuitesSequentially(TestNG.java:1301)
	at org.testng.TestNG.runSuitesLocally(TestNG.java:1226)
	at org.testng.TestNG.runSuites(TestNG.java:1144)
	at org.testng.TestNG.run(TestNG.java:1115)
	at org.testng.remote.AbstractRemoteTestNG.run(AbstractRemoteTestNG.java:115)
	at org.testng.remote.RemoteTestNG.initAndRun(RemoteTestNG.java:251)
	at org.testng.remote.RemoteTestNG.main(RemoteTestNG.java:77)
]]>
            </full-stacktrace>
          </exception> <!-- org.openqa.selenium.NoSuchElementException -->
          <reporter-output>
          </reporter-output>
        </test-method> <!-- rediffGrievancesClick20 -->
        <test-method is-config="true" signature="tearDown()[pri:0, instance:com.test.Day8_7thApril.Day8_Assignment2_Xpaths@5824a83d]" started-at="2024-04-10T15:51:32Z" name="tearDown" finished-at="2024-04-10T15:51:32Z" duration-ms="118" status="PASS">
          <reporter-output>
          </reporter-output>
        </test-method> <!-- tearDown -->
      </class> <!-- com.test.Day8_7thApril.Day8_Assignment2_Xpaths -->
    </test> <!-- Default test -->
  </suite> <!-- Default suite -->
</testng-results>
